\BOOKMARK [0][-]{PDFAbstractPage.0}{Abstract}{}% 1
\BOOKMARK [0][-]{contents.0}{Table of Contents}{}% 2
\BOOKMARK [0][-]{chapter*.2}{List of Figures}{}% 3
\BOOKMARK [0][-]{chapter*.3}{List of Tables}{}% 4
\BOOKMARK [0][-]{section*.4}{Acronyms}{}% 5
\BOOKMARK [0][-]{section*.5}{Acknowledgements}{}% 6
\BOOKMARK [0][-]{chapter.1}{Introduction}{}% 7
\BOOKMARK [1][-]{section.1.1}{Hardware and Software Budget}{chapter.1}% 8
\BOOKMARK [1][-]{section.1.2}{Space Limitations}{chapter.1}% 9
\BOOKMARK [0][-]{chapter.2}{Apparatus}{}% 10
\BOOKMARK [1][-]{section.2.1}{New Motorlab}{chapter.2}% 11
\BOOKMARK [2][-]{subsection.2.1.1}{Hardware}{section.2.1}% 12
\BOOKMARK [2][-]{subsection.2.1.2}{Position Sensor}{section.2.1}% 13
\BOOKMARK [2][-]{subsection.2.1.3}{Motorlab Parts}{section.2.1}% 14
\BOOKMARK [2][-]{subsection.2.1.4}{Motorlab Cost}{section.2.1}% 15
\BOOKMARK [2][-]{subsection.2.1.5}{Motorlab GUI}{section.2.1}% 16
\BOOKMARK [1][-]{section.2.2}{Motorlab}{chapter.2}% 17
\BOOKMARK [0][-]{chapter.3}{Model Development}{}% 18
\BOOKMARK [1][-]{section.3.1}{Motor Resistance}{chapter.3}% 19
\BOOKMARK [2][-]{subsection.3.1.1}{Procedure and Results}{section.3.1}% 20
\BOOKMARK [1][-]{section.3.2}{Motor Torque Constant and Back EMF}{chapter.3}% 21
\BOOKMARK [2][-]{subsection.3.2.1}{Procedure and Results}{section.3.2}% 22
\BOOKMARK [1][-]{section.3.3}{Mass Moment of Inertia Estimation}{chapter.3}% 23
\BOOKMARK [2][-]{subsection.3.3.1}{Software Modeling of Mass Moment of Inertia}{section.3.3}% 24
\BOOKMARK [2][-]{subsection.3.3.2}{Mathematical Approximation of Mass Moment of Inertia}{section.3.3}% 25
\BOOKMARK [1][-]{section.3.4}{Motor Inductance}{chapter.3}% 26
\BOOKMARK [1][-]{section.3.5}{Viscous Friction}{chapter.3}% 27
\BOOKMARK [0][-]{chapter.4}{Approximating Viscous Friction of a BLDC Motor}{}% 28
\BOOKMARK [0][-]{chapter.5}{Experiment One}{}% 29
\BOOKMARK [1][-]{section.5.1}{Mathematical Model of a Closed-Loop Position Control System}{chapter.5}% 30
\BOOKMARK [1][-]{section.5.2}{Experimental Results}{chapter.5}% 31
\BOOKMARK [0][-]{chapter.6}{Experiment Two}{}% 32
\BOOKMARK [0][-]{chapter.7}{Experiment Four}{}% 33
\BOOKMARK [0][-]{section*.37}{Bibliography}{}% 34
\BOOKMARK [0][-]{appendix.A}{Experiment Documentation}{}% 35
\BOOKMARK [0][-]{appendix.B}{Part Drawings}{}% 36
\BOOKMARK [0][-]{appendix.C}{Laboratory Procedures}{}% 37
\BOOKMARK [0][-]{appendix.D}{Code}{}% 38
